This is pdfTeXk, Version 3.141592-1.40.3 (Web2C 7.5.6) (format=latex 2010.9.22)  29 NOV 2010 20:15
entering extended mode
 %&-line parsing enabled.
**antennas_in_plasma_isotropic.tex
(./antennas_in_plasma_isotropic.tex
LaTeX2e <2005/12/01>
Babel <v3.8h> and hyphenation patterns for english, usenglishmax, dumylang, noh
yphenation, loaded.
(./agutex.cls


 AGUTeX Journal Style, American Geophysical Union 
 This version is dated Feb 9, 2008


Document Class: agutex 02/09/2008
\c@chapter=\count79
\c@section=\count80
\c@subsection=\count81
\c@subsubsection=\count82
\c@figure=\count83
\c@table=\count84
\mathindent=\dimen102
\abovefigcaptionskip=\skip41
\abovetabcaptionskip=\skip42
\abovetableskip=\skip43
\belowtabcaptionskip=\dimen103
\landscapebox=\box26
\c@plate=\count85
\savecurrtable=\box27
\abovetabularskip=\skip44
\belowtabularskip=\skip45
\timing=\count86
\hourcount=\count87
\oldtime=\count88
\totpages=\count89
\belowtitleskip=\dimen104
\abovesubtitleskip=\dimen105
\belowsubtitleskip=\dimen106
\aboveauthorskip=\dimen107
\belowauthorskip=\dimen108
\thanksnum=\count90
\dothanks=\count91
\thankscounter=\count92
\titlethanksnum=\count93
\dotitlethanks=\count94
\titlethankscounter=\count95
\thanksnum=\count96
\dothanks=\count97
\thankscounter=\count98
\authorwidth=\dimen109
\authorbaselineskip=\dimen110
\aboveaffilskip=\dimen111
\belowaffilskip=\dimen112
\affilwidth=\dimen113
\aboveabstractskip=\dimen114
\belowabstractskip=\dimen115
\belowabstractnameskip=\dimen116
\abstractmargin=\dimen117
\abovereceivedskip=\skip46
\aboverevisedskip=\skip47
\aboveacceptedskip=\skip48
\abovepublishededskip=\skip49
\barticle=\box28
\thanksbox=\box29
\titlethanksbox=\box30
\c@appendnum=\count99
\footnum=\count100
\savefootnum=\count101
\ackskip=\skip50
\saveparskip=\dimen118
\captionskip=\dimen119
\PushOneColTopFig=\dimen120
\PushOneColBotFig=\dimen121
\PushOneColTopTab=\dimen122
\PushOneColBotTab=\dimen123
\PushTwoColTopFig=\dimen124
\PushTwoColBotFig=\dimen125
\PushTwoColTopTab=\dimen126
\PushTwoColBotTab=\dimen127
\intextfloatskip=\skip51
\c@appfigure=\count102
\c@apptable=\count103
\c@appplate=\count104
\checkforspace=\dimen128
\savetopinsert=\box31
\savebotinsert=\box32
\secondsavetopinsert=\box33
\secondsavebotinsert=\box34
\firstcolbox=\box35
\secondcolbox=\box36
\thefirstbox=\box37
\thesecondbox=\box38
\firstcol=\dimen129
\secondcol=\dimen130
\checkheight=\dimen131
\loopnum=\count105
\firstcolsavefignum=\count106
\footnotebox=\box39
\ColUsed=\dimen132
\FigSpace=\dimen133
\testdblbotins=\box40
\pageloopnum=\count107
\endcolsavetopinsert=\box41
\endcolsavebotinsert=\box42
\testpagesize=\box43
\savelastskip=\dimen134
\partialpage=\box44
\figandtabnumber=\count108
\figandtabbox=\box45
\pagefloatnumber=\count109
\sizeoffloat=\box46
\bogus=\count110
\figinsert=\insert233
\herebox=\box47
\endfigbox=\box48
\spanbox=\box49
\dbltopins=\box50
\dblbotins=\box51
\dblbotskip=\skip52
\dblfigandtabnumber=\count111
\dblfigandtabbox=\box52
\dblloopnum=\count112
\savedblfigandtabnumber=\count113
\dblspanherebox=\box53
\bigpagenum=\count114
\littlepagenum=\count115
\wholepagenum=\count116
\@cprtype=\count117
\@slugcmmntwidth=\dimen135
\affilnum=\count118
\totalaffils=\count119
\figcount=\count120
\saveequation=\count121
\c@currlett=\count122
\notationwidth=\dimen136
\betweennotationskip=\skip53
\WidestEntry=\dimen137
\premulticols=\dimen138
\page@free=\dimen139
\partial@page=\box54
\multicoltolerance=\count123
\doublecol@number=\count124
\multicolbaselineskip=\skip54
\c@collectmore=\count125
\loopcount=\count126
\fixdimen=\dimen140
\c@unbalance=\count127
\savedimen=\dimen141
\savehsize=\dimen142
\mycolumnwidth=\dimen143
\saveparindent=\dimen144
\saveparskip=\dimen145
\abstractwidth=\dimen146
\currlastnumber=\count128
\altaffilbox=\box55
\sectskip=\skip55
\belowsectionskip=\skip56
\subsectskip=\skip57
\belowsubsectskip=\skip58
\subsubsectskip=\skip59
\belowsubsubsectskip=\skip60
\c@subsubsubsection=\count129
\captionwidth=\dimen147
\widecaptionwidth=\dimen148
\landscapecaptionwidth=\dimen149
\@temptokenb=\toks14
\beforeendskip=\skip61


 RAS class option, October 1, 2001,
 \documentclass[ras]{AGUTeX}
 ``RADIO SCIENCE'', 
 Published by American Geophysical Union


\titlesize=\dimen150
LaTeX Info: Redefining \cite on input line 7417.
\c@NAT@ctr=\count130
) (/usr/share/texmf-texlive/tex/latex/graphics/graphicx.sty
Package: graphicx 1999/02/16 v1.0f Enhanced LaTeX Graphics (DPC,SPQR)

(/usr/share/texmf-texlive/tex/latex/graphics/keyval.sty
Package: keyval 1999/03/16 v1.13 key=value parser (DPC)
\KV@toks@=\toks15
)
(/usr/share/texmf-texlive/tex/latex/graphics/graphics.sty
Package: graphics 2006/02/20 v1.0o Standard LaTeX Graphics (DPC,SPQR)

(/usr/share/texmf-texlive/tex/latex/graphics/trig.sty
Package: trig 1999/03/16 v1.09 sin cos tan (DPC)
)
(/etc/texmf/tex/latex/config/graphics.cfg
File: graphics.cfg 2007/01/18 v1.5 graphics configuration of teTeX/TeXLive
)
Package graphics Info: Driver file: dvips.def on input line 90.

(/usr/share/texmf-texlive/tex/latex/graphics/dvips.def
File: dvips.def 1999/02/16 v3.0i Driver-dependant file (DPC,SPQR)
))
\Gin@req@height=\dimen151
\Gin@req@width=\dimen152
)

LaTeX Warning: Unused global option(s):
    [two-column].

(./antennas_in_plasma_isotropic.aux)
\openout1 = `antennas_in_plasma_isotropic.aux'.

LaTeX Font Info:    Checking defaults for OML/cmm/m/it on input line 155.
LaTeX Font Info:    ... okay on input line 155.
LaTeX Font Info:    Checking defaults for T1/cmr/m/n on input line 155.
LaTeX Font Info:    ... okay on input line 155.
LaTeX Font Info:    Checking defaults for OT1/cmr/m/n on input line 155.
LaTeX Font Info:    ... okay on input line 155.
LaTeX Font Info:    Checking defaults for OMS/cmsy/m/n on input line 155.
LaTeX Font Info:    ... okay on input line 155.
LaTeX Font Info:    Checking defaults for OMX/cmex/m/n on input line 155.
LaTeX Font Info:    ... okay on input line 155.
LaTeX Font Info:    Checking defaults for U/cmr/m/n on input line 155.
LaTeX Font Info:    ... okay on input line 155.
LaTeX Font Info:    External font `cmex10' loaded for size
(Font)              <9> on input line 224.
LaTeX Font Info:    External font `cmex10' loaded for size
(Font)              <6> on input line 224.
LaTeX Font Info:    External font `cmex10' loaded for size
(Font)              <5> on input line 224.
\figandtabbox0=\box56
LaTeX Font Info:    External font `cmex10' loaded for size
(Font)              <7> on input line 225.

Underfull \hbox (badness 10000) in paragraph at lines 226--227

 []


Underfull \hbox (badness 10000) in paragraph at lines 228--229

 []


Underfull \hbox (badness 10000) in paragraph at lines 239--240

 []


Underfull \hbox (badness 10000) in paragraph at lines 241--243

 []


Underfull \hbox (badness 10000) in paragraph at lines 244--245

 []

[1

]
Underfull \hbox (badness 10000) in paragraph at lines 246--247

 []


Underfull \hbox (badness 10000) in paragraph at lines 248--249

 []


Underfull \hbox (badness 10000) in paragraph at lines 250--251

 []


Underfull \hbox (badness 10000) in paragraph at lines 252--253

 []


Underfull \hbox (badness 10000) in paragraph at lines 254--255

 []


Underfull \hbox (badness 10000) in paragraph at lines 266--267

 []


Underfull \hbox (badness 10000) in paragraph at lines 268--269

 []


Underfull \hbox (badness 10000) in paragraph at lines 276--277

 []

[2]
Underfull \hbox (badness 10000) in paragraph at lines 278--279

 []


Underfull \hbox (badness 10000) in paragraph at lines 286--287

 []


Underfull \hbox (badness 10000) in paragraph at lines 307--308

 []


Underfull \hbox (badness 10000) in paragraph at lines 316--317

 []


Underfull \hbox (badness 10000) in paragraph at lines 318--319

 []

[3]
Underfull \hbox (badness 10000) in paragraph at lines 372--374

 []


Underfull \hbox (badness 10000) in paragraph at lines 375--377

 []


Underfull \hbox (badness 10000) in paragraph at lines 393--394

 []

[4]
Underfull \hbox (badness 10000) in paragraph at lines 401--402

 []


Underfull \hbox (badness 10000) in paragraph at lines 434--435

 []


Underfull \hbox (badness 10000) in paragraph at lines 437--438

 []


Underfull \hbox (badness 10000) in paragraph at lines 438--439

 []


Underfull \hbox (badness 10000) in paragraph at lines 439--440

 []


Underfull \hbox (badness 10000) in paragraph at lines 472--473

 []


Underfull \hbox (badness 10000) in paragraph at lines 475--476

 []

[5]
Underfull \hbox (badness 10000) in paragraph at lines 490--491

 []


Underfull \hbox (badness 10000) in paragraph at lines 492--493

 []


Underfull \hbox (badness 10000) in paragraph at lines 495--497

 []


Underfull \hbox (badness 10000) in paragraph at lines 498--499

 []


Underfull \hbox (badness 10000) in paragraph at lines 515--516

 []


Underfull \hbox (badness 10000) in paragraph at lines 523--524

 []


Underfull \hbox (badness 10000) in paragraph at lines 525--526

 []

[6]
Underfull \hbox (badness 10000) in paragraph at lines 527--528

 []


Underfull \hbox (badness 10000) in paragraph at lines 530--531

 []


Underfull \hbox (badness 10000) in paragraph at lines 532--533

 []


Underfull \hbox (badness 10000) in paragraph at lines 552--553

 []


Underfull \hbox (badness 10000) in paragraph at lines 567--568

 []


Underfull \hbox (badness 10000) in paragraph at lines 569--570

 []


Underfull \hbox (badness 10000) in paragraph at lines 571--572

 []


Underfull \hbox (badness 10000) in paragraph at lines 573--574

 []


Overfull \vbox (1.0pt too high) has occurred while \output is active []

 [7]
Underfull \hbox (badness 10000) in paragraph at lines 575--576

 []


Underfull \hbox (badness 10000) in paragraph at lines 577--578

 []


Underfull \hbox (badness 10000) in paragraph at lines 582--583

 []


Underfull \hbox (badness 10000) in paragraph at lines 584--585

 []


Underfull \hbox (badness 10000) in paragraph at lines 586--587

 []

\figandtabbox1=\box57
File: dipol.eps Graphic file (type eps)
<dipol.eps>
Overfull \hbox (12.0pt too wide) in paragraph at lines 591--593
[] 
 []


Underfull \hbox (badness 10000) in paragraph at lines 591--593

 []

\dblfigandtabbox1=\box58
LaTeX Font Info:    External font `cmex10' loaded for size
(Font)              <8> on input line 599.
\dblfigandtabbox2=\box59

Underfull \hbox (badness 10000) in paragraph at lines 639--640

 []


Underfull \hbox (badness 10000) in paragraph at lines 641--642

 []


Underfull \hbox (badness 10000) in paragraph at lines 643--644

 []


Underfull \hbox (badness 10000) in paragraph at lines 647--648

 []

[8]
\figandtabbox2=\box60
File: ff_10mhz.eps Graphic file (type eps)
 <ff_10mhz.eps>
Overfull \hbox (12.0pt too wide) in paragraph at lines 650--653
[]
 []


Underfull \hbox (badness 10000) in paragraph at lines 650--653

 []


Underfull \hbox (badness 10000) in paragraph at lines 664--665

 []


Underfull \hbox (badness 10000) in paragraph at lines 666--667

 []

\figandtabbox3=\box61
\figandtabbox4=\box62

Underfull \hbox (badness 10000) in paragraph at lines 697--698

 []

[9]
Underfull \hbox (badness 10000) in paragraph at lines 699--700

 []


Underfull \hbox (badness 10000) in paragraph at lines 701--702

 []


Underfull \hbox (badness 10000) in paragraph at lines 703--704

 []

\figandtabbox5=\box63
File: heff_shortening_dipole.eps Graphic file (type eps)
<heff_shortening_dipole.eps>
Overfull \hbox (12.0pt too wide) in paragraph at lines 706--709
[]
 []


Underfull \hbox (badness 10000) in paragraph at lines 706--709

 []


Underfull \hbox (badness 10000) in paragraph at lines 712--713

 []


Underfull \hbox (badness 10000) in paragraph at lines 714--715

 []


Underfull \hbox (badness 10000) in paragraph at lines 716--717

 []

[10]
\figandtabbox6=\box64
File: imps_dipole_solver2_real.eps Graphic file (type eps)
 <imps_dipole_solver2_real.eps>
Overfull \hbox (12.0pt too wide) in paragraph at lines 720--723
[]
 []


Underfull \hbox (badness 10000) in paragraph at lines 720--723

 []

\figandtabbox7=\box65
File: imps_dipole_solver2_imag.eps Graphic file (type eps)
<imps_dipole_solver2_imag.eps>
Overfull \hbox (12.0pt too wide) in paragraph at lines 726--729
[]
 []


Underfull \hbox (badness 10000) in paragraph at lines 726--729

 []

\figandtabbox8=\box66
File: imps_dipole_solver2_real2.eps Graphic file (type eps)
<imps_dipole_solver2_real2.eps>
Overfull \hbox (12.0pt too wide) in paragraph at lines 734--737
[]
 []


Underfull \hbox (badness 10000) in paragraph at lines 734--737

 []

\figandtabbox9=\box67
File: imps_dipole_solver2_imag2.eps Graphic file (type eps)
<imps_dipole_solver2_imag2.eps>
Overfull \hbox (12.0pt too wide) in paragraph at lines 740--743
[]
 []


Underfull \hbox (badness 10000) in paragraph at lines 740--743

 []


Underfull \hbox (badness 10000) in paragraph at lines 746--747

 []


Underfull \hbox (badness 10000) in paragraph at lines 748--749

 []


Underfull \hbox (badness 10000) in paragraph at lines 751--752

 []


Underfull \hbox (badness 10000) in paragraph at lines 753--754

 []

[11]
\dblfigandtabbox3=\box68
File: stereo.eps Graphic file (type eps)
 <stereo.eps>
Underfull \hbox (badness 10000) in paragraph at lines 756--758

 []


Underfull \hbox (badness 10000) in paragraph at lines 760--763

 []

[12]
Underfull \hbox (badness 10000) in paragraph at lines 764--766

 []

\figandtabbox10=\box69
File: impedance_stereo_vac.eps Graphic file (type eps)
<impedance_stereo_vac.eps>
File: impedance_stereo_pl.eps Graphic file (type eps)
 <impedance_stereo_pl.eps>
Overfull \hbox (12.0pt too wide) in paragraph at lines 769--772
[]
 []


Overfull \hbox (12.0pt too wide) in paragraph at lines 769--772
[]
 []


Underfull \hbox (badness 10000) in paragraph at lines 769--772

 []


Underfull \hbox (badness 10000) in paragraph at lines 774--775

 []

\figandtabbox11=\box70
File: impedance_stereo_pl_fix.eps Graphic file (type eps)
<impedance_stereo_pl_fix.eps>
Overfull \hbox (12.0pt too wide) in paragraph at lines 777--779
[]
 []


Underfull \hbox (badness 10000) in paragraph at lines 777--779

 []


Underfull \hbox (badness 10000) in paragraph at lines 781--782

 []


Underfull \hbox (badness 10000) in paragraph at lines 783--784

 []

\figandtabbox12=\box71
File: impedance_stereo_pl_100khz.eps Graphic file (type eps)
<impedance_stereo_pl_100khz.eps>
Overfull \hbox (12.0pt too wide) in paragraph at lines 795--797
[]
 []


Underfull \hbox (badness 10000) in paragraph at lines 795--797

 []


Underfull \hbox (badness 10000) in paragraph at lines 800--801

 []

[13]
Underfull \hbox (badness 10000) in paragraph at lines 804--805

 []


Underfull \hbox (badness 10000) in paragraph at lines 806--807

 []

\figandtabbox13=\box72
\figandtabbox14=\box73
\figandtabbox15=\box74
\figandtabbox16=\box75
File: heff_shortening_stereo.eps Graphic file (type eps)
<heff_shortening_stereo.eps>
Overfull \hbox (12.0pt too wide) in paragraph at lines 851--854
[]
 []


Underfull \hbox (badness 10000) in paragraph at lines 851--854

 []


Underfull \hbox (badness 10000) in paragraph at lines 856--857

 []


Underfull \hbox (badness 10000) in paragraph at lines 859--860

 []

[14]
Underfull \hbox (badness 10000) in paragraph at lines 861--862

 []


Underfull \hbox (badness 10000) in paragraph at lines 863--869

 []

[15]
Underfull \hbox (badness 6675) in paragraph at lines 985--989
\OT1/cmr/m/n/9 U. Tauben-schuss, J. Bougeret, A. Lecacheux,
 []

[16] (./antennas_in_plasma_isotropic.aux) ) 
Here is how much of TeX's memory you used:
 1662 strings out of 95087
 20452 string characters out of 1183278
 90675 words of memory out of 1500000
 4871 multiletter control sequences out of 10000+50000
 14135 words of font info for 48 fonts, out of 1200000 for 2000
 28 hyphenation exceptions out of 8191
 25i,9n,24p,1034b,335s stack positions out of 5000i,500n,6000p,200000b,5000s

Output written on antennas_in_plasma_isotropic.dvi (16 pages, 86296 bytes).
