This is pdfTeXk, Version 3.141592-1.40.3 (Web2C 7.5.6) (format=latex 2010.9.22)  29 NOV 2010 20:11
entering extended mode
 %&-line parsing enabled.
**plasma_antenna_paper1.tex
(./plasma_antenna_paper1.tex
LaTeX2e <2005/12/01>
Babel <v3.8h> and hyphenation patterns for english, usenglishmax, dumylang, noh
yphenation, loaded.
(/usr/share/texmf-texlive/tex/latex/base/article.cls
Document Class: article 2005/09/16 v1.4f Standard LaTeX document class
(/usr/share/texmf-texlive/tex/latex/base/size11.clo
File: size11.clo 2005/09/16 v1.4f Standard LaTeX file (size option)
)
\c@part=\count79
\c@section=\count80
\c@subsection=\count81
\c@subsubsection=\count82
\c@paragraph=\count83
\c@subparagraph=\count84
\c@figure=\count85
\c@table=\count86
\abovecaptionskip=\skip41
\belowcaptionskip=\skip42
\bibindent=\dimen102
)
(/usr/share/texmf-texlive/tex/latex/graphics/graphicx.sty
Package: graphicx 1999/02/16 v1.0f Enhanced LaTeX Graphics (DPC,SPQR)

(/usr/share/texmf-texlive/tex/latex/graphics/keyval.sty
Package: keyval 1999/03/16 v1.13 key=value parser (DPC)
\KV@toks@=\toks14
)
(/usr/share/texmf-texlive/tex/latex/graphics/graphics.sty
Package: graphics 2006/02/20 v1.0o Standard LaTeX Graphics (DPC,SPQR)

(/usr/share/texmf-texlive/tex/latex/graphics/trig.sty
Package: trig 1999/03/16 v1.09 sin cos tan (DPC)
)
(/etc/texmf/tex/latex/config/graphics.cfg
File: graphics.cfg 2007/01/18 v1.5 graphics configuration of teTeX/TeXLive
)
Package graphics Info: Driver file: dvips.def on input line 90.

(/usr/share/texmf-texlive/tex/latex/graphics/dvips.def
File: dvips.def 1999/02/16 v3.0i Driver-dependant file (DPC,SPQR)
))
\Gin@req@height=\dimen103
\Gin@req@width=\dimen104
)
(./plasma_antenna_paper1.aux)
\openout1 = `plasma_antenna_paper1.aux'.

LaTeX Font Info:    Checking defaults for OML/cmm/m/it on input line 10.
LaTeX Font Info:    ... okay on input line 10.
LaTeX Font Info:    Checking defaults for T1/cmr/m/n on input line 10.
LaTeX Font Info:    ... okay on input line 10.
LaTeX Font Info:    Checking defaults for OT1/cmr/m/n on input line 10.
LaTeX Font Info:    ... okay on input line 10.
LaTeX Font Info:    Checking defaults for OMS/cmsy/m/n on input line 10.
LaTeX Font Info:    ... okay on input line 10.
LaTeX Font Info:    Checking defaults for OMX/cmex/m/n on input line 10.
LaTeX Font Info:    ... okay on input line 10.
LaTeX Font Info:    Checking defaults for U/cmr/m/n on input line 10.
LaTeX Font Info:    ... okay on input line 10.
LaTeX Font Info:    External font `cmex10' loaded for size
(Font)              <12> on input line 12.
LaTeX Font Info:    External font `cmex10' loaded for size
(Font)              <8> on input line 12.
LaTeX Font Info:    External font `cmex10' loaded for size
(Font)              <6> on input line 12.

Underfull \hbox (badness 10000) in paragraph at lines 19--20

 []


Underfull \hbox (badness 10000) in paragraph at lines 21--22

 []

[1

]
Underfull \hbox (badness 10000) in paragraph at lines 32--33

 []


Underfull \hbox (badness 10000) in paragraph at lines 34--36

 []


Underfull \hbox (badness 10000) in paragraph at lines 37--38

 []


Underfull \hbox (badness 10000) in paragraph at lines 39--40

 []

[2]
Underfull \hbox (badness 10000) in paragraph at lines 41--42

 []


LaTeX Warning: Citation `ossi08' on page 3 undefined on input line 43.


Underfull \hbox (badness 10000) in paragraph at lines 43--44

 []


Underfull \hbox (badness 10000) in paragraph at lines 45--46

 []


Underfull \hbox (badness 10000) in paragraph at lines 47--48

 []

LaTeX Font Info:    External font `cmex10' loaded for size
(Font)              <10.95> on input line 55.

Underfull \hbox (badness 10000) in paragraph at lines 59--60

 []

[3]
Underfull \hbox (badness 10000) in paragraph at lines 61--62

 []


Underfull \hbox (badness 10000) in paragraph at lines 69--70

 []


Underfull \hbox (badness 10000) in paragraph at lines 71--72

 []


Underfull \hbox (badness 10000) in paragraph at lines 79--80

 []

[4]
Underfull \hbox (badness 10000) in paragraph at lines 100--101

 []


Underfull \hbox (badness 10000) in paragraph at lines 109--110

 []


Underfull \hbox (badness 10000) in paragraph at lines 111--112

 []

[5]
Underfull \hbox (badness 10000) in paragraph at lines 162--164

 []

[6]
Underfull \hbox (badness 10000) in paragraph at lines 165--167

 []


Underfull \hbox (badness 10000) in paragraph at lines 183--184

 []

[7]
Underfull \hbox (badness 10000) in paragraph at lines 190--194

 []


Underfull \hbox (badness 10000) in paragraph at lines 209--212

 []

[8]
Underfull \hbox (badness 10000) in paragraph at lines 297--298

 []

[9]
Overfull \hbox (9.05519pt too wide) in paragraph at lines 330--331
\OT1/cmr/m/n/10.95 The di-elec-tric ten-sor, in gen-eral, has to ful-fill 3 pro
p-er-ties (see. [[]]
 []


Overfull \hbox (9.36542pt too wide) in paragraph at lines 333--334
\OT1/cmr/m/n/10.95 trans-posed con-ju-gated of the ma-trix is equal to itself:$
\OML/cmm/m/it/10.95 M[] \OT1/cmr/m/n/10.95 = \OML/cmm/m/it/10.95 M[]\OT1/cmr/m/
n/10.95 (\OMS/cmsy/m/n/10.95 ^^@\OT1/cmr/bx/n/10.95 k\OML/cmm/m/it/10.95 ; \OMS
/cmsy/m/n/10.95 ^^@\OML/cmm/m/it/10.95 !\OT1/cmr/m/n/10.95 )$ 
 []

[10]
Underfull \hbox (badness 10000) in paragraph at lines 371--372

 []


Underfull \hbox (badness 10000) in paragraph at lines 387--388

 []

[11]
Underfull \hbox (badness 10000) in paragraph at lines 436--437

 []

[12]
Underfull \hbox (badness 10000) in paragraph at lines 442--444

 []


Underfull \hbox (badness 10000) in paragraph at lines 445--446

 []


Underfull \hbox (badness 10000) in paragraph at lines 462--463

 []

[13]
Underfull \hbox (badness 10000) in paragraph at lines 470--471

 []


Underfull \hbox (badness 10000) in paragraph at lines 477--478

 []


Underfull \hbox (badness 10000) in paragraph at lines 479--480

 []

[14]
Underfull \hbox (badness 10000) in paragraph at lines 499--500

 []


Underfull \hbox (badness 10000) in paragraph at lines 513--514

 []


Underfull \hbox (badness 10000) in paragraph at lines 515--516

 []


Overfull \hbox (14.03416pt too wide) in paragraph at lines 517--518
\OT1/cmr/m/n/10.95 ing the so-lu-tion pro-cess the num-ber of seg-ments is in-c
reased un-til the impedance
 []


Underfull \hbox (badness 10000) in paragraph at lines 517--518

 []


Underfull \hbox (badness 10000) in paragraph at lines 519--520

 []

[15]
Underfull \hbox (badness 10000) in paragraph at lines 521--522

 []


Underfull \hbox (badness 10000) in paragraph at lines 523--524

 []


Overfull \hbox (3.75757pt too wide) in paragraph at lines 541--542
[]$[] \OT1/cmr/bx/n/10.95 G\OT1/cmr/m/n/10.95 (\OT1/cmr/bx/n/10.95 r\OML/cmm/m/
it/10.95 ; []\OT1/cmr/m/n/10.95 )$ can be writ-ten as func-tional of its Fourie
r
 []


Overfull \hbox (48.31456pt too wide) detected at line 545
[] \OT1/cmr/bx/n/10.95 G\OT1/cmr/m/n/10.95 (\OT1/cmr/bx/n/10.95 r\OML/cmm/m/it/
10.95 ; []\OT1/cmr/m/n/10.95 ) = [] [][] [] ^^@(\OT1/cmr/bx/n/10.95 k\OT1/cmr/m
/n/10.95 )\OML/cmm/m/it/10.95 e[]d\OT1/cmr/bx/n/10.95 k
 []

[16]
Underfull \hbox (badness 10000) in paragraph at lines 603--604

 []


Underfull \hbox (badness 10000) in paragraph at lines 619--620

 []

[17]
Underfull \hbox (badness 10000) in paragraph at lines 638--639

 []


Underfull \hbox (badness 10000) in paragraph at lines 640--641

 []

[18]
Underfull \hbox (badness 10000) in paragraph at lines 642--643

 []

File: dipol.eps Graphic file (type eps)
<dipol.eps>
Underfull \hbox (badness 10000) in paragraph at lines 647--648

 []


Underfull \hbox (badness 10000) in paragraph at lines 699--700

 []

[19] [20]
Underfull \hbox (badness 10000) in paragraph at lines 701--702

 []


Underfull \hbox (badness 10000) in paragraph at lines 703--704

 []


Underfull \hbox (badness 10000) in paragraph at lines 707--708

 []

File: ff_10mhz.eps Graphic file (type eps)
<ff_10mhz.eps>
Underfull \hbox (badness 10000) in paragraph at lines 724--725

 []

[21]
Underfull \hbox (badness 10000) in paragraph at lines 726--727

 []


Underfull \hbox (badness 10000) in paragraph at lines 763--764

 []

[22]
Underfull \hbox (badness 10000) in paragraph at lines 765--766

 []


Underfull \hbox (badness 10000) in paragraph at lines 767--768

 []


Underfull \hbox (badness 10000) in paragraph at lines 769--770

 []

File: heff_shortening_dipole.eps Graphic file (type eps)
<heff_shortening_dipole.eps>
Underfull \hbox (badness 10000) in paragraph at lines 778--779

 []

[23]
Underfull \hbox (badness 10000) in paragraph at lines 780--781

 []


Underfull \hbox (badness 10000) in paragraph at lines 782--783

 []

File: imps_dipole_solver2_real.eps Graphic file (type eps)
<imps_dipole_solver2_real.eps>
File: imps_dipole_solver2_imag.eps Graphic file (type eps)
 <imps_dipole_solver2_imag.eps> [24] [25]
[26]
File: imps_dipole_solver2_real2.eps Graphic file (type eps)
 <imps_dipole_solver2_real2.eps>
File: imps_dipole_solver2_imag2.eps Graphic file (type eps)
 <imps_dipole_solver2_imag2.eps>
Underfull \hbox (badness 10000) in paragraph at lines 812--813

 []


Overfull \hbox (320.61064pt too wide) in paragraph at lines 814--815
\OT1/cmr/m/n/10.95 cal-i-bra-tion with this space-craft [[]].
 []


Underfull \hbox (badness 10000) in paragraph at lines 814--815

 []

[27]
Underfull \hbox (badness 10000) in paragraph at lines 817--818

 []

[28]
Overfull \hbox (337.8873pt too wide) in paragraph at lines 819--820
\OT1/cmr/m/n/10.95 cal-i-bra-tions, which are pub-lished in [[]]
 []


Underfull \hbox (badness 10000) in paragraph at lines 819--820

 []

File: stereo.eps Graphic file (type eps)
<stereo.eps>
Overfull \hbox (38.33858pt too wide) in paragraph at lines 823--824
 [] 
 []


Underfull \hbox (badness 10000) in paragraph at lines 828--831

 []


Underfull \hbox (badness 10000) in paragraph at lines 832--834

 []

File: impedance_stereo_vac.eps Graphic file (type eps)
<impedance_stereo_vac.eps>
File: impedance_stereo_pl.eps Graphic file (type eps)
 <impedance_stereo_pl.eps> [29]
Underfull \hbox (badness 10000) in paragraph at lines 847--848

 []

File: impedance_stereo_pl_fix.eps Graphic file (type eps)
<impedance_stereo_pl_fix.eps>
Underfull \hbox (badness 10000) in paragraph at lines 856--857

 []


Underfull \hbox (badness 10000) in paragraph at lines 858--859

 []

File: impedance_stereo_pl_100khz.eps Graphic file (type eps)
<impedance_stereo_pl_100khz.eps>
Underfull \hbox (badness 10000) in paragraph at lines 877--878

 []

[30] [31] [32] [33]
Overfull \hbox (381.76842pt too wide) in paragraph at lines 881--882
\OT1/cmr/m/n/10.95 are shown in Ta-ble 7[]. De-tails can be found in [[]] 
 []


Underfull \hbox (badness 10000) in paragraph at lines 881--882

 []


Underfull \hbox (badness 10000) in paragraph at lines 883--884

 []


Underfull \hbox (badness 10000) in paragraph at lines 933--934

 []

[34]
File: heff_shortening_stereo.eps Graphic file (type eps)
 <heff_shortening_stereo.eps>
Underfull \hbox (badness 10000) in paragraph at lines 943--944

 []


Underfull \hbox (badness 10000) in paragraph at lines 945--946

 []

[35]
Underfull \hbox (badness 10000) in paragraph at lines 947--948

 []

(./plasma_antenna_paper1.bbl
Underfull \hbox (badness 10000) in paragraph at lines 22--26
[]\OT1/cmr/m/n/10.95 Macher, W.,
 []


Overfull \hbox (175.34044pt too wide) in paragraph at lines 33--37
[]
 []

[36]) [37] (./plasma_antenna_paper1.aux)

LaTeX Warning: There were undefined references.

 ) 
Here is how much of TeX's memory you used:
 637 strings out of 95087
 8329 string characters out of 1183278
 57504 words of memory out of 1500000
 3845 multiletter control sequences out of 10000+50000
 10086 words of font info for 35 fonts, out of 1200000 for 2000
 28 hyphenation exceptions out of 8191
 25i,12n,22p,1027b,281s stack positions out of 5000i,500n,6000p,200000b,5000s

Output written on plasma_antenna_paper1.dvi (37 pages, 98940 bytes).
