This is pdfTeXk, Version 3.141592-1.40.3 (Web2C 7.5.6) (format=latex 2010.9.22)  15 NOV 2010 21:50
entering extended mode
 %&-line parsing enabled.
**Dissertation.tex
(./Dissertation.tex
LaTeX2e <2005/12/01>
Babel <v3.8h> and hyphenation patterns for english, usenglishmax, dumylang, noh
yphenation, loaded.
(./thesis.cls
Document Class: thesis 1996/25/01 1.0g LaTeX document class (wm).
\hours=\count79
\minutes=\count80
(/usr/share/texmf-texlive/tex/latex/base/bk11.clo
File: bk11.clo 2005/09/16 v1.4f Standard LaTeX file (size option)
)
\c@part=\count81
\c@chapter=\count82
\c@section=\count83
\c@subsection=\count84
\c@subsubsection=\count85
\c@paragraph=\count86
\c@subparagraph=\count87
\beforechaptervspace=\skip41
\afterchaptervspace=\skip42
\exampleindent=\skip43
\c@figure=\count88
\c@table=\count89
\abovecaptionskip=\skip44
\belowcaptionskip=\skip45
\bibindent=\dimen102
)
(/usr/share/texmf-texlive/tex/latex/amsmath/amsmath.sty
Package: amsmath 2000/07/18 v2.13 AMS math features
\@mathmargin=\skip46

For additional information on amsmath, use the `?' option.
(/usr/share/texmf-texlive/tex/latex/amsmath/amstext.sty
Package: amstext 2000/06/29 v2.01

(/usr/share/texmf-texlive/tex/latex/amsmath/amsgen.sty
File: amsgen.sty 1999/11/30 v2.0
\@emptytoks=\toks14
\ex@=\dimen103
))
(/usr/share/texmf-texlive/tex/latex/amsmath/amsbsy.sty
Package: amsbsy 1999/11/29 v1.2d
\pmbraise@=\dimen104
)
(/usr/share/texmf-texlive/tex/latex/amsmath/amsopn.sty
Package: amsopn 1999/12/14 v2.01 operator names
)
\inf@bad=\count90
LaTeX Info: Redefining \frac on input line 211.
\uproot@=\count91
\leftroot@=\count92
LaTeX Info: Redefining \overline on input line 307.
\classnum@=\count93
\DOTSCASE@=\count94
LaTeX Info: Redefining \ldots on input line 379.
LaTeX Info: Redefining \dots on input line 382.
LaTeX Info: Redefining \cdots on input line 467.
\Mathstrutbox@=\box26
\strutbox@=\box27
\big@size=\dimen105
LaTeX Font Info:    Redeclaring font encoding OML on input line 567.
LaTeX Font Info:    Redeclaring font encoding OMS on input line 568.
\macc@depth=\count95
\c@MaxMatrixCols=\count96
\dotsspace@=\muskip10
\c@parentequation=\count97
\dspbrk@lvl=\count98
\tag@help=\toks15
\row@=\count99
\column@=\count100
\maxfields@=\count101
\andhelp@=\toks16
\eqnshift@=\dimen106
\alignsep@=\dimen107
\tagshift@=\dimen108
\tagwidth@=\dimen109
\totwidth@=\dimen110
\lineht@=\dimen111
\@envbody=\toks17
\multlinegap=\skip47
\multlinetaggap=\skip48
\mathdisplay@stack=\toks18
LaTeX Info: Redefining \[ on input line 2666.
LaTeX Info: Redefining \] on input line 2667.
)
(/usr/share/texmf-texlive/tex/latex/amsfonts/amssymb.sty
Package: amssymb 2002/01/22 v2.2d

(/usr/share/texmf-texlive/tex/latex/amsfonts/amsfonts.sty
Package: amsfonts 2001/10/25 v2.2f
\symAMSa=\mathgroup4
\symAMSb=\mathgroup5
LaTeX Font Info:    Overwriting math alphabet `\mathfrak' in version `bold'
(Font)                  U/euf/m/n --> U/euf/b/n on input line 132.
))
(/usr/share/texmf-texlive/tex/latex/graphics/graphicx.sty
Package: graphicx 1999/02/16 v1.0f Enhanced LaTeX Graphics (DPC,SPQR)

(/usr/share/texmf-texlive/tex/latex/graphics/keyval.sty
Package: keyval 1999/03/16 v1.13 key=value parser (DPC)
\KV@toks@=\toks19
)
(/usr/share/texmf-texlive/tex/latex/graphics/graphics.sty
Package: graphics 2006/02/20 v1.0o Standard LaTeX Graphics (DPC,SPQR)

(/usr/share/texmf-texlive/tex/latex/graphics/trig.sty
Package: trig 1999/03/16 v1.09 sin cos tan (DPC)
)
(/etc/texmf/tex/latex/config/graphics.cfg
File: graphics.cfg 2007/01/18 v1.5 graphics configuration of teTeX/TeXLive
)
Package graphics Info: Driver file: dvips.def on input line 90.

(/usr/share/texmf-texlive/tex/latex/graphics/dvips.def
File: dvips.def 1999/02/16 v3.0i Driver-dependant file (DPC,SPQR)
))
\Gin@req@height=\dimen112
\Gin@req@width=\dimen113
)
(/usr/share/texmf-texlive/tex/latex/base/makeidx.sty
Package: makeidx 2000/03/29 v1.0m Standard LaTeX package
)
(/usr/share/texmf-texlive/tex/latex/tools/theorem.sty
Package: theorem 1995/11/23 v2.2c Theorem extension package (FMi)
\theorem@style=\toks20
\theorem@bodyfont=\toks21
\theorempreskipamount=\skip49
\theorempostskipamount=\skip50

(/usr/share/texmf-texlive/tex/latex/tools/thp.sty
File: thp.sty 1995/11/23 v2.2c Theorem extension package (FMi)
))
(/usr/share/texmf-texlive/tex/latex/tools/array.sty
Package: array 2005/08/23 v2.4b Tabular extension package (FMi)
\col@sep=\dimen114
\extrarowheight=\dimen115
\NC@list=\toks22
\extratabsurround=\skip51
\backup@length=\skip52
) (./Dissertation.aux

LaTeX Warning: Label `maxwell2' multiply defined.


LaTeX Warning: Label `maxwell3' multiply defined.


LaTeX Warning: Label `D_plasma' multiply defined.


LaTeX Warning: Label `electric_relation' multiply defined.

)
\openout1 = `Dissertation.aux'.

LaTeX Font Info:    Checking defaults for OML/cmm/m/it on input line 16.
LaTeX Font Info:    ... okay on input line 16.
LaTeX Font Info:    Checking defaults for T1/cmr/m/n on input line 16.
LaTeX Font Info:    ... okay on input line 16.
LaTeX Font Info:    Checking defaults for OT1/cmr/m/n on input line 16.
LaTeX Font Info:    ... okay on input line 16.
LaTeX Font Info:    Checking defaults for OMS/cmsy/m/n on input line 16.
LaTeX Font Info:    ... okay on input line 16.
LaTeX Font Info:    Checking defaults for OMX/cmex/m/n on input line 16.
LaTeX Font Info:    ... okay on input line 16.
LaTeX Font Info:    Checking defaults for U/cmr/m/n on input line 16.
LaTeX Font Info:    ... okay on input line 16.
LaTeX Font Info:    Try loading font information for U+msa on input line 18.
 (/usr/share/texmf-texlive/tex/latex/amsfonts/umsa.fd
File: umsa.fd 2002/01/19 v2.2g AMS font definitions
)
LaTeX Font Info:    Try loading font information for U+msb on input line 18.

(/usr/share/texmf-texlive/tex/latex/amsfonts/umsb.fd
File: umsb.fd 2002/01/19 v2.2g AMS font definitions
) [1


] [2] [1


]
(./Dissertation.toc [2

]
Overfull \hbox (4.45306pt too wide) in paragraph at lines 56--56
 [][] []\OT1/cmr/m/n/10.95 Implementation of the sheath in nu-mer-i-cal cal-i-b
ra-tion of space- 
 []

)
\tf@toc=\write3
\openout3 = `Dissertation.toc'.

 [3]
Chapter 1.

Underfull \hbox (badness 10000) in paragraph at lines 53--54

 []


Underfull \hbox (badness 10000) in paragraph at lines 55--56

 []


Underfull \hbox (badness 10000) in paragraph at lines 57--58

 []


Underfull \hbox (badness 10000) in paragraph at lines 59--60

 []

[1


]
Underfull \hbox (badness 10000) in paragraph at lines 61--62

 []


Underfull \hbox (badness 10000) in paragraph at lines 72--73

 []


Underfull \hbox (badness 10000) in paragraph at lines 74--76

 []

[2]
Underfull \hbox (badness 10000) in paragraph at lines 77--78

 []


Underfull \hbox (badness 10000) in paragraph at lines 79--80

 []


Underfull \hbox (badness 10000) in paragraph at lines 81--82

 []


Underfull \hbox (badness 10000) in paragraph at lines 83--84

 []

[3] [4]
Chapter 2.
[5

] [6]
Underfull \hbox (badness 10000) in paragraph at lines 178--179

 []

[7]
Underfull \hbox (badness 10000) in paragraph at lines 199--200

 []


Underfull \hbox (badness 10000) in paragraph at lines 206--207

 []


Underfull \hbox (badness 10000) in paragraph at lines 208--209

 []


Underfull \hbox (badness 10000) in paragraph at lines 212--213

 []


Underfull \hbox (badness 10000) in paragraph at lines 223--224

 []

[8]
Underfull \hbox (badness 10000) in paragraph at lines 228--229

 []


Underfull \hbox (badness 10000) in paragraph at lines 230--231

 []


Underfull \hbox (badness 10000) in paragraph at lines 232--233

 []


Underfull \hbox (badness 10000) in paragraph at lines 238--239

 []


Underfull \hbox (badness 10000) in paragraph at lines 240--241

 []

[9]
Underfull \hbox (badness 10000) in paragraph at lines 248--249

 []


Underfull \hbox (badness 10000) in paragraph at lines 250--251

 []


Underfull \hbox (badness 10000) in paragraph at lines 255--256

 []


Underfull \hbox (badness 10000) in paragraph at lines 257--258

 []


Underfull \hbox (badness 10000) in paragraph at lines 262--263

 []


Underfull \hbox (badness 10000) in paragraph at lines 264--265

 []

[10]
Underfull \hbox (badness 10000) in paragraph at lines 269--270

 []


Underfull \hbox (badness 10000) in paragraph at lines 277--278

 []


Underfull \hbox (badness 10000) in paragraph at lines 284--285

 []


Underfull \hbox (badness 10000) in paragraph at lines 286--287

 []

[11]
Underfull \hbox (badness 10000) in paragraph at lines 290--291

 []


Underfull \hbox (badness 10000) in paragraph at lines 292--293

 []


Underfull \hbox (badness 10000) in paragraph at lines 296--297

 []


Underfull \hbox (badness 10000) in paragraph at lines 302--303

 []


Underfull \hbox (badness 10000) in paragraph at lines 304--305

 []


Underfull \hbox (badness 10000) in paragraph at lines 308--309

 []


Underfull \hbox (badness 10000) in paragraph at lines 314--315

 []


Underfull \hbox (badness 10000) in paragraph at lines 316--317

 []

[12]
Underfull \hbox (badness 10000) in paragraph at lines 320--321

 []


Underfull \hbox (badness 10000) in paragraph at lines 322--323

 []


Underfull \hbox (badness 10000) in paragraph at lines 324--325

 []


Underfull \hbox (badness 10000) in paragraph at lines 328--329

 []


Underfull \hbox (badness 10000) in paragraph at lines 330--331

 []


Underfull \hbox (badness 10000) in paragraph at lines 334--335

 []


Underfull \hbox (badness 10000) in paragraph at lines 340--341

 []

[13]
Underfull \hbox (badness 10000) in paragraph at lines 346--347

 []


Underfull \hbox (badness 10000) in paragraph at lines 348--349

 []


Underfull \hbox (badness 10000) in paragraph at lines 352--353

 []


Underfull \hbox (badness 10000) in paragraph at lines 364--365

 []


Underfull \hbox (badness 10000) in paragraph at lines 373--374

 []

[14]
Underfull \hbox (badness 10000) in paragraph at lines 380--381

 []


Underfull \hbox (badness 10000) in paragraph at lines 387--388

 []


Underfull \hbox (badness 10000) in paragraph at lines 394--395

 []

[15]
Underfull \hbox (badness 10000) in paragraph at lines 422--426

 []


Underfull \hbox (badness 10000) in paragraph at lines 427--428

 []


Underfull \hbox (badness 10000) in paragraph at lines 431--432

 []


Underfull \hbox (badness 10000) in paragraph at lines 433--434

 []

[16]
Underfull \hbox (badness 10000) in paragraph at lines 438--439

 []


Underfull \hbox (badness 10000) in paragraph at lines 440--442

 []


Underfull \hbox (badness 10000) in paragraph at lines 448--449

 []


Underfull \hbox (badness 10000) in paragraph at lines 450--453

 []


Underfull \hbox (badness 10000) in paragraph at lines 458--459

 []

[17] [18]
Underfull \hbox (badness 10000) in paragraph at lines 530--538

 []

[19] [20]
Underfull \hbox (badness 10000) in paragraph at lines 627--634

 []

[21] [22]
Underfull \hbox (badness 10000) in paragraph at lines 729--738

 []

[23]
Underfull \hbox (badness 10000) in paragraph at lines 739--742

 []

[24] [25]
Underfull \hbox (badness 10000) in paragraph at lines 856--861

 []

[26]
Underfull \hbox (badness 10000) in paragraph at lines 889--899

 []

[27]
Underfull \hbox (badness 10000) in paragraph at lines 945--948

 []

[28] [29]
Underfull \hbox (badness 10000) in paragraph at lines 1047--1048

 []

[30]
Overfull \hbox (9.05519pt too wide) in paragraph at lines 1080--1081
\OT1/cmr/m/n/10.95 The di-elec-tric ten-sor, in gen-eral, has to ful-fill 3 pro
p-er-ties (see. [[]]
 []


Overfull \hbox (9.36542pt too wide) in paragraph at lines 1083--1084
\OT1/cmr/m/n/10.95 trans-posed con-ju-gated of the ma-trix is equal to itself:$
\OML/cmm/m/it/10.95 M[] \OT1/cmr/m/n/10.95 = \OML/cmm/m/it/10.95 M[]\OT1/cmr/m/
n/10.95 (\OMS/cmsy/m/n/10.95 ^^@\OT1/cmr/bx/n/10.95 k\OML/cmm/m/it/10.95 ; \OMS
/cmsy/m/n/10.95 ^^@\OML/cmm/m/it/10.95 !\OT1/cmr/m/n/10.95 )$ 
 []

[31] [32]
Overfull \hbox (1.0738pt too wide) in paragraph at lines 1153--1154
[]\OT1/cmr/m/n/10.95 When look-ing at the undis-turbed os-cil-la-tion of a shee
t of elec-trons against
 []

[33] [34] [35] [36] [37]
Underfull \hbox (badness 10000) in paragraph at lines 1385--1386

 []

[38] [39] [40] [41] [42] [43] [44]
Underfull \hbox (badness 10000) in paragraph at lines 1667--1672

 []


Underfull \hbox (badness 10000) in paragraph at lines 1673--1674

 []

[45]
Underfull \hbox (badness 10000) in paragraph at lines 1680--1681

 []


Underfull \hbox (badness 10000) in paragraph at lines 1705--1706

 []

[46]
Underfull \hbox (badness 10000) in paragraph at lines 1730--1731

 []

[47] [48]
Underfull \hbox (badness 10000) in paragraph at lines 1787--1789

 []


Underfull \hbox (badness 10000) in paragraph at lines 1796--1797

 []


Underfull \hbox (badness 10000) in paragraph at lines 1842--1843

 []

[49] [50]
Chapter 3.

Underfull \hbox (badness 10000) in paragraph at lines 2001--2002

 []


Underfull \hbox (badness 10000) in paragraph at lines 2003--2004

 []


Underfull \hbox (badness 10000) in paragraph at lines 2013--2014

 []

[51

]
Underfull \hbox (badness 10000) in paragraph at lines 2018--2019

 []

[52]
Underfull \hbox (badness 10000) in paragraph at lines 2065--2066

 []

[53] [54]
Overfull \hbox (1.61629pt too wide) detected at line 2112
[] \OT1/cmr/bx/n/10.95 G\OT1/cmr/m/n/10.95 (\OT1/cmr/bx/n/10.95 r\OML/cmm/m/it/
10.95 ; []\OT1/cmr/m/n/10.95 ) = [] [][] [] ^^@(\OT1/cmr/bx/n/10.95 k\OT1/cmr/m
/n/10.95 )\OML/cmm/m/it/10.95 e[]d\OT1/cmr/bx/n/10.95 k
 []

[55]
Underfull \hbox (badness 10000) in paragraph at lines 2173--2174

 []

[56] [57] [58]
Underfull \hbox (badness 10000) in paragraph at lines 2280--2281

 []

[59] [60] [61]
Underfull \hbox (badness 10000) in paragraph at lines 2407--2408

 []

[62] [63]
Chapter 4.

Underfull \hbox (badness 10000) in paragraph at lines 2503--2504

 []

[64

]
Underfull \hbox (badness 10000) in paragraph at lines 2533--2534

 []


Underfull \hbox (badness 10000) in paragraph at lines 2535--2536

 []

[65]
Underfull \hbox (badness 10000) in paragraph at lines 2543--2544

 []


Underfull \hbox (badness 10000) in paragraph at lines 2564--2565

 []


Underfull \hbox (badness 10000) in paragraph at lines 2618--2619

 []

[66]
Underfull \hbox (badness 10000) in paragraph at lines 2620--2621

 []

[67]
Chapter 5.
File: DissPics/dipol.eps Graphic file (type eps)
<DissPics/dipol.eps>
Underfull \hbox (badness 10000) in paragraph at lines 2636--2637

 []


Underfull \hbox (badness 10000) in paragraph at lines 2642--2643

 []


Underfull \hbox (badness 10000) in paragraph at lines 2644--2645

 []

[68

] [69]
File: DissPics/NFvac10m300kHz.eps Graphic file (type eps)
 <DissPics/NFvac10m300kHz.eps>
File: DissPics/NFvac100m300kHz.eps Graphic file (type eps)
 <DissPics/NFvac100m300kHz.eps>
File: DissPics/NFvac300m300kHz.eps Graphic file (type eps)

<DissPics/NFvac300m300kHz.eps>
File: DissPics/NFvac500m300kHz.eps Graphic file (type eps)
 <DissPics/NFvac500m300kHz.eps>
File: DissPics/NFvac1000m300kHz.eps Graphic file (type eps)

<DissPics/NFvac1000m300kHz.eps>
File: DissPics/NFvac10000m300kHz.eps Graphic file (type eps)
 <DissPics/NFvac10000m300kHz.eps>
File: DissPics/NFvac10m50MHz.eps Graphic file (type eps)

<DissPics/NFvac10m50MHz.eps>
File: DissPics/NFvac50m50MHz.eps Graphic file (type eps)
 <DissPics/NFvac50m50MHz.eps>
File: DissPics/NFvac100m50MHz.eps Graphic file (type eps)

<DissPics/NFvac100m50MHz.eps>
File: DissPics/NFvac10000m50MHz.eps Graphic file (type eps)
 <DissPics/NFvac10000m50MHz.eps>
File: DissPics/NFvac10m25MHz.eps Graphic file (type eps)

<DissPics/NFvac10m25MHz.eps>
File: DissPics/NFvac10000m25MHz.eps Graphic file (type eps)
 <DissPics/NFvac10000m25MHz.eps>
File: DissPics/NFvac10m3halbelambdaMHz.eps Graphic file (type eps)

<DissPics/NFvac10m3halbelambdaMHz.eps>
File: DissPics/NFvac10000m3halbelambdaMHz.eps Graphic file (type eps)

<DissPics/NFvac10000m3halbelambdaMHz.eps>
Underfull \hbox (badness 10000) in paragraph at lines 2708--2709

 []


Underfull \hbox (badness 10000) in paragraph at lines 2710--2711

 []

[70] [71] [72] [73] [74] [75] [76] [77]
Underfull \hbox (badness 10000) in paragraph at lines 2718--2719

 []

File: DissPics/NFvac10000m300kHz.eps Graphic file (type eps)
<DissPics/NFvac10000m300kHz.eps>
File: DissPics/NFisocold10000m300kHz0.9.eps Graphic file (type eps)
 <DissPics/NFisocold10000m300kHz0.9.eps>
File: DissPics/NFisocoldwithions10000m300kHz0.9.eps Graphic file (type eps)

<DissPics/NFisocoldwithions10000m300kHz0.9.eps>
File: DissPics/NFisocoldwithions1000m300kHz0.9.eps Graphic file (type eps)

<DissPics/NFisocoldwithions1000m300kHz0.9.eps>
File: DissPics/NFisocoldwithions10m25MHz0.9.eps Graphic file (type eps)

<DissPics/NFisocoldwithions10m25MHz0.9.eps>
Overfull \hbox (0.90494pt too wide) in paragraph at lines 2749--2750
\OT1/cmr/m/n/10.95 the Method of Mo-ments (MoM) as de-scribed in [[]].
 []


Underfull \hbox (badness 10000) in paragraph at lines 2749--2750

 []

[78] [79] [80] [81]
Underfull \hbox (badness 10000) in paragraph at lines 2751--2752

 []

File: DissPics/curr_abs_3kh.eps Graphic file (type eps)
<DissPics/curr_abs_3kh.eps>
File: DissPics/curr_re_3kh.eps Graphic file (type eps)
 <DissPics/curr_re_3kh.eps>
File: DissPics/curr_im_3kh.eps Graphic file (type eps)

<DissPics/curr_im_3kh.eps>

LaTeX Warning: Float too large for page by 96.71771pt on input line 2759.

File: DissPics/curr_abs_3kh_p.eps Graphic file (type eps)
<DissPics/curr_abs_3kh_p.eps>
File: DissPics/curr_re_3kh_p.eps Graphic file (type eps)
 <DissPics/curr_re_3kh_p.eps>
File: DissPics/curr_im_3kh_p.eps Graphic file (type eps)

<DissPics/curr_im_3kh_p.eps>

LaTeX Warning: Float too large for page by 98.66216pt on input line 2767.


Underfull \hbox (badness 10000) in paragraph at lines 2769--2771

 []

File: DissPics/curr_abs_3mh.eps Graphic file (type eps)
<DissPics/curr_abs_3mh.eps>
File: DissPics/curr_re_3mh.eps Graphic file (type eps)
 <DissPics/curr_re_3mh.eps>
File: DissPics/curr_im_3mh.eps Graphic file (type eps)

<DissPics/curr_im_3mh.eps>

LaTeX Warning: Float too large for page by 96.71771pt on input line 2778.

File: DissPics/curr_abs_3mh_p.eps Graphic file (type eps)
<DissPics/curr_abs_3mh_p.eps>
File: DissPics/curr_re_3mh_p.eps Graphic file (type eps)
 <DissPics/curr_re_3mh_p.eps>
File: DissPics/curr_im_3mh_p.eps Graphic file (type eps)

<DissPics/curr_im_3mh_p.eps>

LaTeX Warning: Float too large for page by 98.66216pt on input line 2786.

File: DissPics/curr_abs_30mh.eps Graphic file (type eps)
<DissPics/curr_abs_30mh.eps>
File: DissPics/curr_re_30mh.eps Graphic file (type eps)
 <DissPics/curr_re_30mh.eps>
File: DissPics/curr_im_30mh.eps Graphic file (type eps)

<DissPics/curr_im_30mh.eps>

LaTeX Warning: Float too large for page by 96.71771pt on input line 2794.

File: DissPics/curr_abs_30mh_p.eps Graphic file (type eps)
<DissPics/curr_abs_30mh_p.eps>
File: DissPics/curr_re_30mh_p.eps Graphic file (type eps)
 <DissPics/curr_re_30mh_p.eps>
File: DissPics/curr_im_30mh_p.eps Graphic file (type eps)

<DissPics/curr_im_30mh_p.eps>

LaTeX Warning: Float too large for page by 98.66216pt on input line 2802.


Underfull \hbox (badness 10000) in paragraph at lines 2804--2805

 []

File: DissPics/impedance_dipole_fixed_rel.eps Graphic file (type eps)
<DissPics/impedance_dipole_fixed_rel.eps>
File: DissPics/impedance_dipole_fixed_rel_imag.eps Graphic file (type eps)

<DissPics/impedance_dipole_fixed_rel_imag.eps>
File: DissPics/impedance_dipole_fixed_abs.eps Graphic file (type eps)

<DissPics/impedance_dipole_fixed_abs.eps>
File: DissPics/impedance_dipole_fixed_abs_imag.eps Graphic file (type eps)

<DissPics/impedance_dipole_fixed_abs_imag.eps>
Underfull \hbox (badness 10000) in paragraph at lines 2827--2828

 []

[82] [83] [84] [85] [86] [87] [88] [89] [90]
File: DissPics/NFvac10000m3halbelambdaMHz.eps Graphic file (type eps)

<DissPics/NFvac10000m3halbelambdaMHz.eps>
File: DissPics/NFvac10000m3halbelambdaMHz_p.eps Graphic file (type eps)

<DissPics/NFvac10000m3halbelambdaMHz_p.eps> [91] [92]
Chapter 6.

Underfull \hbox (badness 10000) in paragraph at lines 2840--2841

 []


Underfull \hbox (badness 10000) in paragraph at lines 2842--2843

 []


Underfull \hbox (badness 10000) in paragraph at lines 2847--2848

 []

[93

]
Underfull \hbox (badness 10000) in paragraph at lines 2849--2850

 []

File: DissPics/impedance_stereo_vac.eps Graphic file (type eps)
<DissPics/impedance_stereo_vac.eps>
File: DissPics/impedance_stereo_pl.eps Graphic file (type eps)
 <DissPics/impedance_stereo_pl.eps>
Underfull \hbox (badness 10000) in paragraph at lines 2862--2863

 []

File: DissPics/impedance_stereo_vac.eps Graphic file (type eps)
<DissPics/impedance_stereo_vac.eps>
File: DissPics/impedance_stereo_pl_fix.eps Graphic file (type eps)
 <DissPics/impedance_stereo_pl_fix.eps>
File: DissPics/impedance_stereo_pl_fix_zoom.eps Graphic file (type eps)

<DissPics/impedance_stereo_pl_fix_zoom.eps>
File: DissPics/impedance_stereo_pl_1mhz.eps Graphic file (type eps)

<DissPics/impedance_stereo_pl_1mhz.eps> [94] [95] [96] [97] [98] [99]
Chapter 7.

Underfull \hbox (badness 10000) in paragraph at lines 2925--2927

 []

File: DissPics/schaltplan.eps Graphic file (type eps)
<DissPics/schaltplan.eps>
Underfull \hbox (badness 10000) in paragraph at lines 2931--2932

 []


Underfull \hbox (badness 10000) in paragraph at lines 2932--2932
[]\OT1/cmr/m/n/10 Circuit di-a-gram of an an-tenna sys-tem
 []


Overfull \hbox (103.39525pt too wide) in paragraph at lines 2932--2932
\OT1/cmr/m/n/10 [[]] 
 []

[100

] [101] [102]
Underfull \hbox (badness 10000) in paragraph at lines 2970--2971

 []

[103] [104] [105] [106] [107] [108] [109] [110] [111]
Overfull \hbox (8.67792pt too wide) in paragraph at lines 3249--3250
[]\OT1/cmr/m/n/10.95 In a one-dimensional sim-pli-fi-ca-tion which pos-tu-lates
 a ho-mo-ge-neous sheath
 []

Missing character: There is no ï in font cmr8!
Missing character: There is no ¿ in font cmr10!
Missing character: There is no ½ in font cmr10!
[112] [113]
Underfull \hbox (badness 10000) in paragraph at lines 3336--3337

 []

[114] [115] [116]
File: DissPics/impedance_stereo_dipole_vac.eps Graphic file (type eps)
 <DissPics/impedance_stereo_dipole_vac.eps>
File: DissPics/impedance_stereo_dipole_sheath.eps Graphic file (type eps)

<DissPics/impedance_stereo_dipole_sheath.eps>
File: DissPics/impedance_stereo_mono_vac.eps Graphic file (type eps)

<DissPics/impedance_stereo_mono_vac.eps>
File: DissPics/impedance_stereo_mono_sheath.eps Graphic file (type eps)

<DissPics/impedance_stereo_mono_sheath.eps> [117] [118] [119]
Chapter 8.

Underfull \hbox (badness 10000) in paragraph at lines 3441--3445

 []


Underfull \hbox (badness 10000) in paragraph at lines 3446--3448

 []


Underfull \hbox (badness 10000) in paragraph at lines 3449--3453

 []


Underfull \hbox (badness 10000) in paragraph at lines 3454--3458

 []

[120

]
Underfull \hbox (badness 10000) in paragraph at lines 3459--3464

 []


Underfull \hbox (badness 10000) in paragraph at lines 3465--3468

 []


Underfull \hbox (badness 10000) in paragraph at lines 3469--3473

 []


Underfull \hbox (badness 10000) in paragraph at lines 3474--3476

 []

[121]
Underfull \hbox (badness 10000) in paragraph at lines 3477--3480

 []

[122]
Chapter 9.

Overfull \hbox (42.3799pt too wide) in alignment at lines 3489--3496
 [][][] []
 []


Overfull \hbox (47.73177pt too wide) in alignment at lines 3502--3506
 [][][] []
 []


Overfull \hbox (40.48611pt too wide) in alignment at lines 3521--3525
 [][][] []
 []

[123

]
Overfull \hbox (43.31915pt too wide) in alignment at lines 3529--3533
 [][][] []
 []

[124]
Overfull \hbox (3.2577pt too wide) in alignment at lines 3551--3557
 [][][] []
 []

[125]
Chapter 10.

Underfull \hbox (badness 10000) in paragraph at lines 3573--3574

 []


Underfull \hbox (badness 10000) in paragraph at lines 3575--3576

 []

[126

]
Underfull \hbox (badness 10000) in paragraph at lines 3583--3584

 []


Underfull \hbox (badness 10000) in paragraph at lines 3585--3586

 []


Underfull \hbox (badness 10000) in paragraph at lines 3608--3609

 []

[127]
LaTeX Font Info:    Try loading font information for U+euf on input line 3620.
 (/usr/share/texmf-texlive/tex/latex/amsfonts/ueuf.fd
File: ueuf.fd 2002/01/19 v2.2g AMS font definitions
) [128]
Chapter 11.
[129

] [130] [131]
Overfull \hbox (7.4968pt too wide) in paragraph at lines 3769--3769
[]    \OT1/cmtt/m/n/10 [cs,imp(n)]=mcfGetCurrent(ant,f(n),0,ioneffect,1,integra
l,inte,1);[] 
 []

[132]
Overfull \hbox (12.74675pt too wide) in paragraph at lines 4260--4260
[]\OT1/cmtt/m/n/10 %   function of theta and phi at distance dist from the phas
e center if[] 
 []


Overfull \hbox (12.74675pt too wide) in paragraph at lines 4260--4260
[]\OT1/cmtt/m/n/10 %                                   distance dist from the p
hase center[] 
 []


Overfull \hbox (2.24684pt too wide) in paragraph at lines 4260--4260
[]\OT1/cmtt/m/n/10 %                               2...A Grid is constructed fr
om r=0 to[] 
 []


Overfull \hbox (7.4968pt too wide) in paragraph at lines 4260--4260
[]\OT1/cmtt/m/n/10 %                                   r=dist with NN points in
 theta and[] 
 []


Overfull \hbox (7.4968pt too wide) in paragraph at lines 4260--4260
[]\OT1/cmtt/m/n/10 %                                   phi direction. The E and
 B vectors[] 
 []


Overfull \hbox (12.74675pt too wide) in paragraph at lines 4260--4260
[]\OT1/cmtt/m/n/10 %                                   projected on the horizon
tal and the[] 
 []


Overfull \hbox (7.4968pt too wide) in paragraph at lines 4260--4260
[]\OT1/cmtt/m/n/10 %                                   vertical plane, each in 
the center[] 
 []


Overfull \hbox (33.74657pt too wide) in paragraph at lines 4260--4260
[]\OT1/cmtt/m/n/10 %   For the radio approximation set ionrelsequ to 0 to ignor
e the effect of[] 
 []


Overfull \hbox (28.49661pt too wide) in paragraph at lines 4260--4260
[]\OT1/cmtt/m/n/10 %   the ions. For the vacuum case, set also frequrelsequ to 
zero to ignore[] 
 []


Overfull \hbox (17.9967pt too wide) in paragraph at lines 4260--4260
[]\OT1/cmtt/m/n/10 %   also the effects of the electrons...but why do you use t
his function[] 
 []

[133] [134] [135] [136] [137] [138] [139]
Overfull \hbox (2.24684pt too wide) in paragraph at lines 4260--4260
[]              \OT1/cmtt/m/n/10 sin(theta(t)),cos(phi(p))*sin(theta(t)),cos(th
eta(t))];[] 
 []

[140]
Overfull \hbox (17.9967pt too wide) in paragraph at lines 4260--4260
[]            \OT1/cmtt/m/n/10 E_r_v(t,rr)=E_r_v(t,rr)+((Z0*k*cs.I(n)*l(n)*i)/(
4*pi*s))*...[] 
 []


Overfull \hbox (17.9967pt too wide) in paragraph at lines 4260--4260
[]            \OT1/cmtt/m/n/10 E_t_v(t,rr)=E_t_v(t,rr)+((Z0*k*cs.I(n)*l(n)*i)/(
4*pi*s))*...[] 
 []


Overfull \hbox (12.74675pt too wide) in paragraph at lines 4260--4260
[]              \OT1/cmtt/m/n/10 exp(-i*k*s)*(1+(1/(i*k*s))+(1/(i*k*s)^2))*sin(
realtheta);[] 
 []

[141]
Overfull \hbox (7.4968pt too wide) in paragraph at lines 4260--4260
[]          \OT1/cmtt/m/n/10 [X_v(n),Y_v(n),Z_v(n)]=sph2cart(phi(p),pi/2-theta(
t),r(rr));[] 
 []

[142] [143] [144] [145]
Overfull \hbox (7.4968pt too wide) in paragraph at lines 4646--4646
[]\OT1/cmtt/m/n/10 !   with the frequency and the feed position used for the ca
lculation.[] 
 []

[146]
Overfull \hbox (2.24684pt too wide) in paragraph at lines 4646--4646
[]\OT1/cmtt/m/n/10 real(kind=8)::wavelength,k,omega ! wavelength, wave number, 
frequency[] 
 []


Overfull \hbox (7.4968pt too wide) in paragraph at lines 4646--4646
[]\OT1/cmtt/m/n/10 complex(kind=8), allocatable, dimension(:,:):: Z    ! impeda
nce matrix[] 
 []


Overfull \hbox (2.24684pt too wide) in paragraph at lines 4646--4646
[]\OT1/cmtt/m/n/10 real(kind=8), allocatable, dimension(:):: l,l_rel      ! len
gth of...[] 
 []

[147] [148] [149] [150]
Overfull \hbox (7.4968pt too wide) in paragraph at lines 4646--4646
[]      \OT1/cmtt/m/n/10 midpoint(p,:)=nodes(segs(n,1),:)+(p-0.5)*(nodes(segs(n
,2),:)-...[] 
 []


Overfull \hbox (7.4968pt too wide) in paragraph at lines 4646--4646
[]      \OT1/cmtt/m/n/10 Gmn(p)=(Z0*wavelength)/(imath*8*pi**2)*(exp(-imath*k*d
ist(p))...[] 
 []


Overfull \hbox (28.49661pt too wide) in paragraph at lines 4646--4646
[]        \OT1/cmtt/m/n/10 &*((1+imath*k*dist(p))*(2*dist(p)**2-3*a**2)+k**2*a*
*2*dist(p)**2)[] 
 []

[151] [152]
Overfull \hbox (2.24684pt too wide) in paragraph at lines 4646--4646
[]\OT1/cmtt/m/n/10 !-----------------------------------------------------------
---------[] 
 []


Overfull \hbox (12.74675pt too wide) in paragraph at lines 4646--4646
[]\OT1/cmtt/m/n/10 ! Solve a system of n linear equations, using Gaussian elimi
nation with[] 
 []

[153]
Overfull \hbox (2.24684pt too wide) in paragraph at lines 4646--4646
[]\OT1/cmtt/m/n/10 !-----------------------------------------------------------
---------[] 
 []


Overfull \hbox (12.74675pt too wide) in paragraph at lines 4646--4646
[]\OT1/cmtt/m/n/10 ! Solve a system of n linear equations, using Gaussian elimi
nation with[] 
 []

[154] [155]
Overfull \hbox (2.24684pt too wide) in paragraph at lines 4646--4646
[]\OT1/cmtt/m/n/10 !-----------------------------------------------------------
---------[] 
 []


Overfull \hbox (2.24684pt too wide) in paragraph at lines 4790--4790
[] \OT1/cmtt/m/n/10 function [CS,Z_a]=mcfGetCurrent(ant, f,freqrelsqu,ioneffect
,volt,...[] 
 []

[156]
Overfull \hbox (7.4968pt too wide) in paragraph at lines 4790--4790
[]\OT1/cmtt/m/n/10 %   with the frequency and the feed position used for the ca
lculation.[] 
 []

[157]
Missing character: There is no Ã in font cmtt10!
Missing character: There is no ¤ in font cmtt10!
 [158] [159] [160] (./Dissertation.bbl
Overfull \hbox (108.63615pt too wide) in paragraph at lines 10--14
[]
 []

[161


]) [162] (./Dissertation.lof [163

]
Overfull \hbox (339.86407pt too wide) in paragraph at lines 33--33
 [][] []\OT1/cmr/m/n/10.95 Circuit di-a-gram of an an-tenna sys-tem [[]] []  
 []

)
\tf@lof=\write4
\openout4 = `Dissertation.lof'.

 [164] (./Dissertation.lot)
\tf@lot=\write5
\openout5 = `Dissertation.lot'.

 [165

] (./Dissertation.aux)

LaTeX Warning: There were multiply-defined labels.

 ) 
Here is how much of TeX's memory you used:
 2027 strings out of 95087
 25976 string characters out of 1183278
 81649 words of memory out of 1500000
 5122 multiletter control sequences out of 10000+50000
 16268 words of font info for 61 fonts, out of 1200000 for 2000
 28 hyphenation exceptions out of 8191
 27i,14n,27p,1608b,321s stack positions out of 5000i,500n,6000p,200000b,5000s

Output written on Dissertation.dvi (170 pages, 366408 bytes).
