This is e-TeX, Version 3.141592-2.1 (MiKTeX 2.4) (preloaded format=latex 2004.11.15)  25 JUL 2005 14:19
entering extended mode
**KineticWaves.tex
(KineticWaves.tex
LaTeX2e <2001/06/01>
Babel <v3.7m> and hyphenation patterns for english, french, german, ngerman, ru
ssian, dumylang, nohyphenation, loaded.
(C:\Programme\texmf\tex\latex\base\report.cls
Document Class: report 2001/04/21 v1.4e Standard LaTeX document class
(C:\Programme\texmf\tex\latex\base\size10.clo
File: size10.clo 2001/04/21 v1.4e Standard LaTeX file (size option)
)
\c@part=\count79
\c@chapter=\count80
\c@section=\count81
\c@subsection=\count82
\c@subsubsection=\count83
\c@paragraph=\count84
\c@subparagraph=\count85
\c@figure=\count86
\c@table=\count87
\abovecaptionskip=\skip41
\belowcaptionskip=\skip42
\bibindent=\dimen102
)
(C:\Programme\texmf\tex\latex\amsmath\amsmath.sty
Package: amsmath 2000/07/18 v2.13 AMS math features
\@mathmargin=\skip43

For additional information on amsmath, use the `?' option.
(C:\Programme\texmf\tex\latex\amsmath\amstext.sty
Package: amstext 2000/06/29 v2.01

(C:\Programme\texmf\tex\latex\amsmath\amsgen.sty
File: amsgen.sty 1999/11/30 v2.0
\@emptytoks=\toks14
\ex@=\dimen103
))
(C:\Programme\texmf\tex\latex\amsmath\amsbsy.sty
Package: amsbsy 1999/11/29 v1.2d
\pmbraise@=\dimen104
)
(C:\Programme\texmf\tex\latex\amsmath\amsopn.sty
Package: amsopn 1999/12/14 v2.01 operator names
)
\inf@bad=\count88
LaTeX Info: Redefining \frac on input line 211.
\uproot@=\count89
\leftroot@=\count90
LaTeX Info: Redefining \overline on input line 307.
\classnum@=\count91
\DOTSCASE@=\count92
LaTeX Info: Redefining \ldots on input line 379.
LaTeX Info: Redefining \dots on input line 382.
LaTeX Info: Redefining \cdots on input line 467.
\Mathstrutbox@=\box26
\strutbox@=\box27
\big@size=\dimen105
LaTeX Font Info:    Redeclaring font encoding OML on input line 567.
LaTeX Font Info:    Redeclaring font encoding OMS on input line 568.
\macc@depth=\count93
\c@MaxMatrixCols=\count94
\dotsspace@=\muskip10
\c@parentequation=\count95
\dspbrk@lvl=\count96
\tag@help=\toks15
\row@=\count97
\column@=\count98
\maxfields@=\count99
\andhelp@=\toks16
\eqnshift@=\dimen106
\alignsep@=\dimen107
\tagshift@=\dimen108
\tagwidth@=\dimen109
\totwidth@=\dimen110
\lineht@=\dimen111
\@envbody=\toks17
\multlinegap=\skip44
\multlinetaggap=\skip45
\mathdisplay@stack=\toks18
LaTeX Info: Redefining \[ on input line 2666.
LaTeX Info: Redefining \] on input line 2667.
)
(C:\Programme\texmf\tex\latex\amsfonts\amssymb.sty
Package: amssymb 2002/01/22 v2.2d

(C:\Programme\texmf\tex\latex\amsfonts\amsfonts.sty
Package: amsfonts 2001/10/25 v2.2f
\symAMSa=\mathgroup4
\symAMSb=\mathgroup5
LaTeX Font Info:    Overwriting math alphabet `\mathfrak' in version `bold'
(Font)                  U/euf/m/n --> U/euf/b/n on input line 132.
))
(C:\Programme\texmf\tex\latex\graphics\graphicx.sty
Package: graphicx 1999/02/16 v1.0f Enhanced LaTeX Graphics (DPC,SPQR)

(C:\Programme\texmf\tex\latex\graphics\keyval.sty
Package: keyval 1999/03/16 v1.13 key=value parser (DPC)
\KV@toks@=\toks19
)
(C:\Programme\texmf\tex\latex\graphics\graphics.sty
Package: graphics 2001/07/07 v1.0n Standard LaTeX Graphics (DPC,SPQR)

(C:\Programme\texmf\tex\latex\graphics\trig.sty
Package: trig 1999/03/16 v1.09 sin cos tan (DPC)
)
(C:\Programme\texmf\tex\latex\00miktex\graphics.cfg
File: graphics.cfg 2003/03/12 v1.1 MiKTeX 'graphics' configuration
)
Package graphics Info: Driver file: dvips.def on input line 80.

(C:\Programme\texmf\tex\latex\graphics\dvips.def
File: dvips.def 1999/02/16 v3.0i Driver-dependant file (DPC,SPQR)
))
\Gin@req@height=\dimen112
\Gin@req@width=\dimen113
)
(C:\Programme\texmf\tex\latex\base\makeidx.sty
Package: makeidx 2000/03/29 v1.0m Standard LaTeX package
)
(C:\Programme\texmf\tex\latex\fancybox\fancybox.sty
Package: fancybox 2000/09/19 1.3

Style option: `fancybox' v1.3 <2000/09/19> (tvz)
\@fancybox=\box28
\shadowsize=\dimen114
\@Sbox=\box29
\do@VerbBox=\toks20
\the@fancyput=\toks21
\this@fancyput=\toks22
\EndVerbatimTokens=\toks23
\Verbatim@Outfile=\write3
\Verbatim@Infile=\read1
) (KineticWaves.aux)
LaTeX Font Info:    Checking defaults for OML/cmm/m/it on input line 15.
LaTeX Font Info:    ... okay on input line 15.
LaTeX Font Info:    Checking defaults for T1/cmr/m/n on input line 15.
LaTeX Font Info:    ... okay on input line 15.
LaTeX Font Info:    Checking defaults for OT1/cmr/m/n on input line 15.
LaTeX Font Info:    ... okay on input line 15.
LaTeX Font Info:    Checking defaults for OMS/cmsy/m/n on input line 15.
LaTeX Font Info:    ... okay on input line 15.
LaTeX Font Info:    Checking defaults for OMX/cmex/m/n on input line 15.
LaTeX Font Info:    ... okay on input line 15.
LaTeX Font Info:    Checking defaults for U/cmr/m/n on input line 15.
LaTeX Font Info:    ... okay on input line 15.
LaTeX Font Info:    Try loading font information for U+msa on input line 17.
 (C:\Programme\texmf\tex\latex\amsfonts\umsa.fd
File: umsa.fd 2002/01/19 v2.2g AMS font definitions
)
LaTeX Font Info:    Try loading font information for U+msb on input line 17.

(C:\Programme\texmf\tex\latex\amsfonts\umsb.fd
File: umsb.fd 2002/01/19 v2.2g AMS font definitions
) [1

] (KineticWaves.toc)
\tf@toc=\write4
 [1

]
[1] [1] [2] [3] [4] [5]
LaTeX Font Info:    Try loading font information for OMS+cmr on input line 340.

 (C:\Programme\texmf\tex\latex\base\omscmr.fd
File: omscmr.fd 1999/05/25 v2.5h Standard LaTeX font definitions
)
LaTeX Font Info:    Font shape `OMS/cmr/m/n' in size <10> not available
(Font)              Font shape `OMS/cmsy/m/n' tried instead on input line 340.

Underfull \hbox (badness 10000) in paragraph at lines 349--350

 []

[6]

LaTeX Warning: File `maxwell_dist.eps' not found on input line 362.


KineticWaves.tex:362: LaTeX Error: File `maxwell_dist.eps' not found.

See the LaTeX manual or LaTeX Companion for explanation.
Type  H <return>  for immediate help
Try typing  <return>  to proceed.
If that doesn't work, type  X <return>  to quit.


KineticWaves.tex:362: LaTeX Error: Cannot determine size of graphic in maxwell_
dist.eps (no BoundingBox).

See the LaTeX manual or LaTeX Companion for explanation.
Type  H <return>  for immediate help
Try typing  <return>  to proceed.
If that doesn't work, type  X <return>  to quit.

File: maxwell_dist.eps Graphic file (type eps)
<maxwell_dist.eps>
Underfull \hbox (badness 10000) in paragraph at lines 362--363

 []


LaTeX Warning: File `maxwell_dist_diff.eps' not found on input line 368.


KineticWaves.tex:368: LaTeX Error: File `maxwell_dist_diff.eps' not found.

See the LaTeX manual or LaTeX Companion for explanation.
Type  H <return>  for immediate help
Try typing  <return>  to proceed.
If that doesn't work, type  X <return>  to quit.


KineticWaves.tex:368: LaTeX Error: Cannot determine size of graphic in maxwell_
dist_diff.eps (no BoundingBox).

See the LaTeX manual or LaTeX Companion for explanation.
Type  H <return>  for immediate help
Try typing  <return>  to proceed.
If that doesn't work, type  X <return>  to quit.

File: maxwell_dist_diff.eps Graphic file (type eps)
<maxwell_dist_diff.eps>
Underfull \hbox (badness 10000) in paragraph at lines 368--369

 []


LaTeX Warning: File `nenner.eps' not found on input line 374.


KineticWaves.tex:374: LaTeX Error: File `nenner.eps' not found.

See the LaTeX manual or LaTeX Companion for explanation.
Type  H <return>  for immediate help
Try typing  <return>  to proceed.
If that doesn't work, type  X <return>  to quit.


KineticWaves.tex:374: LaTeX Error: Cannot determine size of graphic in nenner.e
ps (no BoundingBox).

See the LaTeX manual or LaTeX Companion for explanation.
Type  H <return>  for immediate help
Try typing  <return>  to proceed.
If that doesn't work, type  X <return>  to quit.

File: nenner.eps Graphic file (type eps)
<nenner.eps>
Underfull \hbox (badness 10000) in paragraph at lines 374--375

 []

[7] [8] [9] [10] [11]

LaTeX Warning: File `maxwell_dist2.eps' not found on input line 497.


KineticWaves.tex:497: LaTeX Error: File `maxwell_dist2.eps' not found.

See the LaTeX manual or LaTeX Companion for explanation.
Type  H <return>  for immediate help
Try typing  <return>  to proceed.
If that doesn't work, type  X <return>  to quit.


KineticWaves.tex:497: LaTeX Error: Cannot determine size of graphic in maxwell_
dist2.eps (no BoundingBox).

See the LaTeX manual or LaTeX Companion for explanation.
Type  H <return>  for immediate help
Try typing  <return>  to proceed.
If that doesn't work, type  X <return>  to quit.

File: maxwell_dist2.eps Graphic file (type eps)
<maxwell_dist2.eps>
Underfull \hbox (badness 10000) in paragraph at lines 497--498

 []


LaTeX Warning: File `twofluids_saperated.eps' not found on input line 503.


KineticWaves.tex:503: LaTeX Error: File `twofluids_saperated.eps' not found.

See the LaTeX manual or LaTeX Companion for explanation.
Type  H <return>  for immediate help
Try typing  <return>  to proceed.
If that doesn't work, type  X <return>  to quit.


KineticWaves.tex:503: LaTeX Error: Cannot determine size of graphic in twofluid
s_saperated.eps (no BoundingBox).

See the LaTeX manual or LaTeX Companion for explanation.
Type  H <return>  for immediate help
Try typing  <return>  to proceed.
If that doesn't work, type  X <return>  to quit.

File: twofluids_saperated.eps Graphic file (type eps)
<twofluids_saperated.eps>
Underfull \hbox (badness 10000) in paragraph at lines 503--504

 []


LaTeX Warning: File `twofluids_added.eps' not found on input line 509.


KineticWaves.tex:509: LaTeX Error: File `twofluids_added.eps' not found.

See the LaTeX manual or LaTeX Companion for explanation.
Type  H <return>  for immediate help
Try typing  <return>  to proceed.
If that doesn't work, type  X <return>  to quit.


KineticWaves.tex:509: LaTeX Error: Cannot determine size of graphic in twofluid
s_added.eps (no BoundingBox).

See the LaTeX manual or LaTeX Companion for explanation.
Type  H <return>  for immediate help
Try typing  <return>  to proceed.
If that doesn't work, type  X <return>  to quit.

File: twofluids_added.eps Graphic file (type eps)
<twofluids_added.eps>
Underfull \hbox (badness 10000) in paragraph at lines 509--510

 []

[12] [13] [14] [15]
No file KineticWaves.bbl.
[16] (KineticWaves.aux)

LaTeX Warning: Label(s) may have changed. Rerun to get cross-references right.

 ) 
Here is how much of TeX's memory you used:
 1819 strings out of 95716
 19568 string characters out of 1193224
 72968 words of memory out of 1066769
 4738 multiletter control sequences out of 35000
 13704 words of font info for 52 fonts, out of 500000 for 1000
 198 hyphenation exceptions out of 607
 27i,9n,24p,729b,245s stack positions out of 1500i,500n,5000p,200000b,32768s

Output written on KineticWaves.dvi (19 pages, 43040 bytes).
