
An unexpected exception has been detected in native code outside the VM.
Unexpected Signal : EXCEPTION_ACCESS_VIOLATION occurred at PC=0x6d0caa1e
Function name=Java_sun_awt_windows_WGraphics_createFromPrintJob
Library=C:\MATLAB6p5\sys\java\jre\win32\jre\bin\awt.dll

Current Java thread:
	at sun.awt.windows.WToolkit.eventLoop(Native Method)
	at sun.awt.windows.WToolkit.run(Unknown Source)
	at java.lang.Thread.run(Unknown Source)

Dynamic libraries:
0x00400000 - 0x005FB000 	C:\MATLAB6p5\bin\win32\matlab.exe
0x77880000 - 0x77903000 	C:\WINNT\system32\ntdll.dll
0x77E70000 - 0x77F35000 	C:\WINNT\system32\KERNEL32.dll
0x77E00000 - 0x77E65000 	C:\WINNT\system32\USER32.dll
0x77F40000 - 0x77F7E000 	C:\WINNT\system32\GDI32.DLL
0x77A40000 - 0x77B2F000 	C:\WINNT\system32\ole32.dll
0x77D20000 - 0x77D91000 	C:\WINNT\system32\RPCRT4.dll
0x79350000 - 0x793B2000 	C:\WINNT\system32\ADVAPI32.DLL
0x77810000 - 0x77817000 	C:\WINNT\system32\VERSION.dll
0x75940000 - 0x75946000 	C:\WINNT\system32\LZ32.DLL
0x7A000000 - 0x7A00D000 	C:\MATLAB6p5\bin\win32\mwoles05.dll
0x779A0000 - 0x77A3B000 	C:\WINNT\system32\OLEAUT32.dll
0x7A710000 - 0x7A7D0000 	C:\MATLAB6p5\bin\win32\libut.dll
0x77910000 - 0x77933000 	C:\WINNT\system32\IMAGEHLP.dll
0x78000000 - 0x78045000 	C:\WINNT\system32\MSVCRT.DLL
0x7B110000 - 0x7B138000 	C:\MATLAB6p5\bin\win32\libmx.dll
0x7AF70000 - 0x7AF77000 	C:\MATLAB6p5\bin\win32\libmex.dll
0x7AF80000 - 0x7AF93000 	C:\MATLAB6p5\bin\win32\libmwservices.dll
0x7A630000 - 0x7A644000 	C:\MATLAB6p5\bin\win32\mpath.dll
0x7A7D0000 - 0x7A895000 	C:\MATLAB6p5\bin\win32\m_interpreter.dll
0x7AFA0000 - 0x7AFA9000 	C:\MATLAB6p5\bin\win32\libmat.dll
0x7AAA0000 - 0x7AB2B000 	C:\MATLAB6p5\bin\win32\mlib.dll
0x7AA90000 - 0x7AA9E000 	C:\MATLAB6p5\bin\win32\m_pcodeio.dll
0x7AA10000 - 0x7AA73000 	C:\MATLAB6p5\bin\win32\m_ir.dll
0x7A8A0000 - 0x7AA0F000 	C:\MATLAB6p5\bin\win32\m_parser.dll
0x7AA80000 - 0x7AA8F000 	C:\MATLAB6p5\bin\win32\m_pcodegen.dll
0x7AFE0000 - 0x7AFE6000 	C:\MATLAB6p5\bin\win32\m_dispatcher.dll
0x7A010000 - 0x7A0E8000 	C:\MATLAB6p5\bin\win32\hg.dll
0x7A5E0000 - 0x7A62F000 	C:\MATLAB6p5\bin\win32\numerics.dll
0x7AB50000 - 0x7AB5F000 	C:\MATLAB6p5\bin\win32\libmwlapack.dll
0x7AB60000 - 0x7ABBC000 	C:\MATLAB6p5\bin\win32\libmwfftw.dll
0x7AFB0000 - 0x7AFDB000 	C:\MATLAB6p5\bin\win32\libmwumfpack.dll
0x7A650000 - 0x7A6B2000 	C:\MATLAB6p5\bin\win32\udd.dll
0x7A4F0000 - 0x7A563000 	C:\MATLAB6p5\bin\win32\uiw.dll
0x777F0000 - 0x7780E000 	C:\WINNT\system32\WINSPOOL.DRV
0x782F0000 - 0x78300000 	C:\WINNT\system32\MPR.DLL
0x76B00000 - 0x76B3F000 	C:\WINNT\system32\comdlg32.dll
0x70A70000 - 0x70AD5000 	C:\WINNT\system32\SHLWAPI.DLL
0x71710000 - 0x71794000 	C:\WINNT\system32\COMCTL32.DLL
0x77580000 - 0x777CE000 	C:\WINNT\system32\SHELL32.DLL
0x7A570000 - 0x7A5D8000 	C:\MATLAB6p5\bin\win32\gui.dll
0x7A110000 - 0x7A4CD000 	C:\MATLAB6p5\bin\win32\simulink.dll
0x75DF0000 - 0x75E0A000 	C:\WINNT\system32\IMM32.dll
0x7AFF0000 - 0x7B017000 	C:\MATLAB6p5\bin\win32\libmwbuiltins.dll
0x7B020000 - 0x7B075000 	C:\MATLAB6p5\bin\win32\cg_ir.dll
0x7B080000 - 0x7B0A2000 	C:\MATLAB6p5\bin\win32\libfixedpoint.dll
0x7B0B0000 - 0x7B0B8000 	C:\MATLAB6p5\bin\win32\glee.dll
0x7B0C0000 - 0x7B0E7000 	C:\MATLAB6p5\bin\win32\jmi.dll
0x7A0F0000 - 0x7A102000 	C:\MATLAB6p5\bin\win32\dastudio.dll
0x7A4D0000 - 0x7A4ED000 	C:\MATLAB6p5\bin\win32\hardcopy.dll
0x7AB30000 - 0x7AB4A000 	C:\MATLAB6p5\bin\win32\sl_solver.dll
0x79000000 - 0x790F2000 	C:\MATLAB6p5\bin\win32\MFC42.DLL
0x7B140000 - 0x7B155000 	C:\MATLAB6p5\bin\win32\mclcom.dll
0x7A6C0000 - 0x7A704000 	C:\MATLAB6p5\bin\win32\udd_mi.dll
0x7B0F0000 - 0x7B10B000 	C:\MATLAB6p5\bin\win32\comcli.dll
0x750E0000 - 0x7512F000 	C:\WINNT\system32\NETAPI32.dll
0x79430000 - 0x7943F000 	C:\WINNT\system32\SECUR32.DLL
0x75130000 - 0x75136000 	C:\WINNT\system32\NETRAP.DLL
0x750C0000 - 0x750CF000 	C:\WINNT\system32\SAMLIB.DLL
0x74FA0000 - 0x74FB4000 	C:\WINNT\system32\WS2_32.DLL
0x74F90000 - 0x74F98000 	C:\WINNT\system32\WS2HELP.DLL
0x77940000 - 0x7796B000 	C:\WINNT\system32\WLDAP32.DLL
0x77970000 - 0x77994000 	C:\WINNT\system32\DNSAPI.DLL
0x74FC0000 - 0x74FC9000 	C:\WINNT\system32\WSOCK32.DLL
0x10000000 - 0x10152000 	C:\MATLAB6p5\bin\win32\atlas_Athlon.dll
0x7ABC0000 - 0x7AE26000 	C:\MATLAB6p5\bin\win32\lapack.dll
0x01C80000 - 0x01CEE000 	C:\MATLAB6p5\bin\win32\DFORRT.dll
0x6C1D0000 - 0x6C1DE000 	C:\WINNT\system32\MFC42LOC.DLL
0x6E330000 - 0x6E336000 	C:\WINNT\system32\INDICDLL.dll
0x6D420000 - 0x6D4EE000 	C:\MATLAB6p5\sys\java\jre\win32\jre\bin\hotspot\jvm.dll
0x77540000 - 0x77571000 	C:\WINNT\system32\WINMM.dll
0x6D220000 - 0x6D227000 	C:\MATLAB6p5\sys\java\jre\win32\jre\bin\hpi.dll
0x6D3B0000 - 0x6D3BD000 	C:\MATLAB6p5\sys\java\jre\win32\jre\bin\verify.dll
0x6D250000 - 0x6D266000 	C:\MATLAB6p5\sys\java\jre\win32\jre\bin\java.dll
0x6D3C0000 - 0x6D3CD000 	C:\MATLAB6p5\sys\java\jre\win32\jre\bin\zip.dll
0x6D020000 - 0x6D128000 	C:\MATLAB6p5\sys\java\jre\win32\jre\bin\awt.dll
0x6D1E0000 - 0x6D21B000 	C:\MATLAB6p5\sys\java\jre\win32\jre\bin\fontmanager.dll
0x51000000 - 0x51050000 	C:\WINNT\system32\DDRAW.dll
0x72810000 - 0x72816000 	C:\WINNT\system32\DCIMAN32.dll
0x69000000 - 0x69104000 	C:\WINNT\system32\atio2kaa.dll
0x7AF50000 - 0x7AF64000 	C:\MATLAB6p5\bin\win32\nativejava.dll
0x1AAC0000 - 0x1AAFD000 	C:\Programme\Network Associates\VirusScan\Wbhook32.dll
0x1AC10000 - 0x1AC1A000 	C:\Programme\Network Associates\VirusScan\Res07\WbhkRes.dll
0x7AF30000 - 0x7AF47000 	C:\MATLAB6p5\bin\win32\glren.dll
0x693A0000 - 0x69467000 	C:\WINNT\system32\OPENGL32.dll
0x6F9F0000 - 0x6FA10000 	C:\WINNT\system32\GLU32.dll
0x1CC40000 - 0x1CC46000 	C:\WINNT\system32\spool\DRIVERS\W32X86\3\HPBF002E.DLL
0x1CC50000 - 0x1CCC4000 	C:\WINNT\system32\spool\DRIVERS\W32X86\3\HPBF002K.dll
0x780A0000 - 0x780B2000 	C:\MATLAB6p5\bin\win32\MSVCIRT.dll
0x1CCD0000 - 0x1CDE1000 	C:\WINNT\system32\spool\DRIVERS\W32X86\3\HPBF002H.DLL
0x1CDF0000 - 0x1CE0E000 	C:\WINNT\system32\spool\DRIVERS\W32X86\3\HPBF002F.DLL
0x731F0000 - 0x73227000 	C:\WINNT\system32\COMPSTUI.dll
0x6B150000 - 0x6B155000 	C:\WINNT\system32\MSIMG32.dll
0x1CE10000 - 0x1CE1F000 	C:\WINNT\system32\spool\DRIVERS\W32X86\3\HPBAFD32.DLL
0x1DAD0000 - 0x1DAD5000 	C:\MATLAB6p5\toolbox\matlab\datatypes\cellfun.dll
0x1DAE0000 - 0x1DAE9000 	C:\MATLAB6p5\bin\win32\nativejmi.dll
0x784A0000 - 0x78530000 	C:\WINNT\system32\CLBCATQ.DLL
0x77840000 - 0x7787F000 	C:\WINNT\system32\cscui.dll
0x77090000 - 0x770B3000 	C:\WINNT\system32\CSCDLL.DLL
0x71500000 - 0x715FD000 	C:\WINNT\system32\browseui.dll
0x76F70000 - 0x76F7F000 	C:\WINNT\system32\ntshrui.dll
0x773B0000 - 0x773C5000 	C:\WINNT\system32\ATL.DLL
0x20CB0000 - 0x20DF9000 	C:\WINNT\system32\SHDOCVW.dll
0x76DC0000 - 0x76DD1000 	C:\WINNT\system32\mydocs.dll
0x750D0000 - 0x750DC000 	C:\WINNT\System32\ntlanman.dll
0x75180000 - 0x75195000 	C:\WINNT\System32\NETUI0.DLL
0x75140000 - 0x75178000 	C:\WINNT\System32\NETUI1.DLL
0x71E40000 - 0x71E8D000 	C:\WINNT\system32\docprop2.dll
0x6A770000 - 0x6A790000 	C:\WINNT\system32\MSVFW32.DLL
0x747E0000 - 0x747F6000 	C:\WINNT\system32\AVIFIL32.DLL
0x773E0000 - 0x773F3000 	C:\WINNT\system32\MSACM32.dll
0x6FF60000 - 0x6FF65000 	C:\WINNT\system32\faxshell.dll
0x6D340000 - 0x6D348000 	C:\MATLAB6p5\sys\java\jre\win32\jre\bin\net.dll
0x77830000 - 0x7783C000 	C:\WINNT\System32\rnr20.dll
0x77310000 - 0x77323000 	C:\WINNT\system32\iphlpapi.dll
0x774F0000 - 0x774F5000 	C:\WINNT\system32\ICMP.DLL
0x772F0000 - 0x77307000 	C:\WINNT\system32\MPRAPI.DLL
0x77380000 - 0x773B0000 	C:\WINNT\system32\ACTIVEDS.DLL
0x77350000 - 0x77373000 	C:\WINNT\system32\ADSLDPC.DLL
0x77820000 - 0x7782E000 	C:\WINNT\system32\RTUTILS.DLL
0x78310000 - 0x783A1000 	C:\WINNT\system32\SETUPAPI.DLL
0x791A0000 - 0x79202000 	C:\WINNT\system32\USERENV.DLL
0x774B0000 - 0x774E3000 	C:\WINNT\system32\RASAPI32.DLL
0x77490000 - 0x774A1000 	C:\WINNT\system32\RASMAN.DLL
0x77500000 - 0x77522000 	C:\WINNT\system32\TAPI32.DLL
0x77330000 - 0x77349000 	C:\WINNT\system32\DHCPCSVC.DLL
0x777D0000 - 0x777D8000 	C:\WINNT\System32\winrnr.dll
0x777E0000 - 0x777E5000 	C:\WINNT\system32\rasadhlp.dll
0x72970000 - 0x7299D000 	C:\WINNT\system32\DBGHELP.dll
0x68F30000 - 0x68F3B000 	C:\WINNT\system32\PSAPI.DLL

Local Time = Wed May 11 15:14:38 2005
Elapsed Time = 3840
#
# The exception above was detected in native code outside the VM
#
# Java VM: Java HotSpot(TM) Client VM (1.3.1_01 mixed mode)
#
